\BOOKMARK [0][-]{chapter.1}{\376\377\000\332\000v\000o\000d}{}% 1
\BOOKMARK [0][-]{chapter.2}{\376\377\000T\000e\000o\000r\000i\000e\000\040\000f\000u\000n\000k\000c\000i\000o\000n\000\341\000l\000n\000\355\000h\000o\000\040\000p\000r\000o\000g\000r\000a\000m\000o\000v\000\341\000n\000\355}{}% 2
\BOOKMARK [1][-]{section.2.1}{\376\377\000H\000i\000s\000t\000o\000r\000i\000e}{chapter.2}% 3
\BOOKMARK [1][-]{section.2.2}{\376\377\000F\000u\000n\000k\000c\000i\000o\000n\000\341\000l\000n\000\355\000\040\000p\000r\000o\000g\000r\000a\000m\000o\000v\000\341\000n\000\355}{chapter.2}% 4
\BOOKMARK [2][-]{subsection.2.2.1}{\376\377\000R\000o\000z\000d\000\355\000l\000\040\000m\000e\000z\000i\000\040\000f\000u\000n\000k\000c\000i\000o\000n\000\341\000l\000n\000\355\000m\000\040\000a\000\040\000i\000m\000p\000e\000r\000a\000t\000i\000v\000n\000\355\000m\000\040\000p\000r\000o\000g\000r\000a\000m\000o\000v\000\341\000n\000\355\000m}{section.2.2}% 5
\BOOKMARK [2][-]{subsection.2.2.2}{\376\377\000L\000a\000m\000b\000d\000a\000\040\000k\000a\000l\000k\000u\000l}{section.2.2}% 6
\BOOKMARK [2][-]{subsection.2.2.3}{\376\377\000H\000i\000g\000h\000e\000r\000-\000o\000r\000d\000e\000r\000\040\000f\000u\000n\000k\000c\000e}{section.2.2}% 7
\BOOKMARK [2][-]{subsection.2.2.4}{\376\377\000V\000e\000d\000l\000e\000j\001\141\000\355\000\040\000e\000f\000e\000k\000t\000y}{section.2.2}% 8
\BOOKMARK [2][-]{subsection.2.2.5}{\376\377\000M\000o\000n\000\341\000d\000y}{section.2.2}% 9
\BOOKMARK [1][-]{section.2.3}{\376\377\000H\000a\000s\000k\000e\000l\000l}{chapter.2}% 10
\BOOKMARK [0][-]{chapter.3}{\376\377\000A\000r\000i\000t\000m\000e\000t\000i\000c\000k\000\351\000\040\000v\000\375\000r\000a\000z\000y}{}% 11
\BOOKMARK [1][-]{section.3.1}{\376\377\000N\000o\000t\000a\000c\000e}{chapter.3}% 12
\BOOKMARK [2][-]{subsection.3.1.1}{\376\377\000P\000r\000e\000f\000i\000x}{section.3.1}% 13
\BOOKMARK [2][-]{subsection.3.1.2}{\376\377\000P\000o\000s\000t\000f\000i\000x}{section.3.1}% 14
\BOOKMARK [2][-]{subsection.3.1.3}{\376\377\000I\000n\000f\000i\000x}{section.3.1}% 15
\BOOKMARK [0][-]{chapter.4}{\376\377\000D\000o\000k\000u\000m\000e\000n\000t\000a\000c\000e}{}% 16
\BOOKMARK [1][-]{section.4.1}{\376\377\000D\000o\000k\000u\000m\000e\000n\000t\000a\000c\000e\000\040\000p\000r\000o\000c\000e\000d\000u\000r\000\341\000l\000n\000\355\000h\000o\000\040\000p\000r\000o\000g\000r\000a\000m\000u}{chapter.4}% 17
\BOOKMARK [2][-]{subsection.4.1.1}{\376\377\000V\000\375\000v\000o\000j\000\040\000a\000\040\000e\000d\000i\000t\000a\000c\000e}{section.4.1}% 18
\BOOKMARK [2][-]{subsection.4.1.2}{\376\377\000P\000r\000i\000n\000c\000i\000p\000\040\000f\000u\000n\000g\000o\000v\000\341\000n\000\355}{section.4.1}% 19
\BOOKMARK [1][-]{section.4.2}{\376\377\000D\000o\000k\000u\000m\000e\000n\000t\000a\000c\000e\000\040\000n\000e\000p\000r\000o\000c\000e\000d\000u\000r\000\341\000l\000n\000\355\000h\000o\000\040\000p\000r\000o\000g\000r\000a\000m\000u}{chapter.4}% 20
\BOOKMARK [2][-]{subsection.4.2.1}{\376\377\000V\000\375\000v\000o\000j\000\040\000a\000\040\000e\000d\000i\000t\000a\000c\000e}{section.4.2}% 21
\BOOKMARK [1][-]{section.4.3}{\376\377\000S\000r\000o\000v\000n\000\341\000n\000\355}{chapter.4}% 22
\BOOKMARK [0][-]{chapter.5}{\376\377\000Z\000\341\000v\001\033\000r}{}% 23
\BOOKMARK [0][-]{chapter*.17}{\376\377\000L\000i\000t\000e\000r\000a\000t\000u\000r\000a}{}% 24
\BOOKMARK [0][-]{chapter*.18}{\376\377\000P\001\131\000\355\000l\000o\000h\000y}{}% 25
